Using pre-set license
Built from '2021.3/release' branch; Version is '2021.3.12f1 (8af3c3e441b1) revision 9106371'; Using compiler version '192829333'; Build Type 'Release'
OS: 'Windows 11  (10.0.22000) 64bit Professional' Language: 'en' Physical Memory: 16227 MB
BatchMode: 1, IsHumanControllingUs: 0, StartBugReporterOnCrash: 0, Is64bit: 1, IsPro: 1

COMMAND LINE ARGUMENTS:
C:\Program Files\Unity\Hub\Editor\2021.3.12f1\Editor\Unity.exe
-adb2
-batchMode
-noUpm
-name
AssetImportWorker2
-projectPath
F:/GameJam2022/New folder/New folder/WashingDishesSim/DishWashSim
-logFile
Logs/AssetImportWorker2.log
-srvPort
58332
Successfully changed project path to: F:/GameJam2022/New folder/New folder/WashingDishesSim/DishWashSim
F:/GameJam2022/New folder/New folder/WashingDishesSim/DishWashSim
[UnityMemory] Configuration Parameters - Can be set up in boot.config
    "memorysetup-bucket-allocator-granularity=16"
    "memorysetup-bucket-allocator-bucket-count=8"
    "memorysetup-bucket-allocator-block-size=33554432"
    "memorysetup-bucket-allocator-block-count=8"
    "memorysetup-main-allocator-block-size=16777216"
    "memorysetup-thread-allocator-block-size=16777216"
    "memorysetup-gfx-main-allocator-block-size=16777216"
    "memorysetup-gfx-thread-allocator-block-size=16777216"
    "memorysetup-cache-allocator-block-size=4194304"
    "memorysetup-typetree-allocator-block-size=2097152"
    "memorysetup-profiler-bucket-allocator-granularity=16"
    "memorysetup-profiler-bucket-allocator-bucket-count=8"
    "memorysetup-profiler-bucket-allocator-block-size=33554432"
    "memorysetup-profiler-bucket-allocator-block-count=8"
    "memorysetup-profiler-allocator-block-size=16777216"
    "memorysetup-profiler-editor-allocator-block-size=1048576"
    "memorysetup-temp-allocator-size-main=16777216"
    "memorysetup-job-temp-allocator-block-size=2097152"
    "memorysetup-job-temp-allocator-block-size-background=1048576"
    "memorysetup-job-temp-allocator-reduction-small-platforms=262144"
    "memorysetup-temp-allocator-size-background-worker=32768"
    "memorysetup-temp-allocator-size-job-worker=262144"
    "memorysetup-temp-allocator-size-preload-manager=33554432"
    "memorysetup-temp-allocator-size-nav-mesh-worker=65536"
    "memorysetup-temp-allocator-size-audio-worker=65536"
    "memorysetup-temp-allocator-size-cloud-worker=32768"
    "memorysetup-temp-allocator-size-gi-baking-worker=262144"
    "memorysetup-temp-allocator-size-gfx=262144"
Refreshing native plugins compatible for Editor in 97.15 ms, found 3 plugins.
Preloading 0 native plugins for Editor in 0.00 ms.
Initialize engine version: 2021.3.12f1 (8af3c3e441b1)
[Subsystems] Discovering subsystems at path C:/Program Files/Unity/Hub/Editor/2021.3.12f1/Editor/Data/Resources/UnitySubsystems
[Subsystems] Discovering subsystems at path F:/GameJam2022/New folder/New folder/WashingDishesSim/DishWashSim/Assets
GfxDevice: creating device client; threaded=0; jobified=0
Direct3D:
    Version:  Direct3D 11.0 [level 11.1]
    Renderer: AMD Radeon RX 6600 XT (ID=0x73ff)
    Vendor:   ATI
    VRAM:     8147 MB
    Driver:   31.0.12019.11001
Initialize mono
Mono path[0] = 'C:/Program Files/Unity/Hub/Editor/2021.3.12f1/Editor/Data/Managed'
Mono path[1] = 'C:/Program Files/Unity/Hub/Editor/2021.3.12f1/Editor/Data/MonoBleedingEdge/lib/mono/unityjit-win32'
Mono config path = 'C:/Program Files/Unity/Hub/Editor/2021.3.12f1/Editor/Data/MonoBleedingEdge/etc'
Using monoOptions --debugger-agent=transport=dt_socket,embedding=1,server=y,suspend=n,address=127.0.0.1:56072
Begin MonoManager ReloadAssembly
Registering precompiled unity dll's ...
Register platform support module: C:/Program Files/Unity/Hub/Editor/2021.3.12f1/Editor/Data/PlaybackEngines/WindowsStandaloneSupport/UnityEditor.WindowsStandalone.Extensions.dll
Registered in 0.005220 seconds.
Native extension for WindowsStandalone target not found
Refreshing native plugins compatible for Editor in 87.73 ms, found 3 plugins.
Preloading 0 native plugins for Editor in 0.00 ms.
Mono: successfully reloaded assembly
- Completed reload, in  0.638 seconds
Domain Reload Profiling:
	ReloadAssembly (639ms)
		BeginReloadAssembly (73ms)
			ExecutionOrderSort (0ms)
			DisableScriptedObjects (0ms)
			BackupInstance (0ms)
			ReleaseScriptingObjects (0ms)
			CreateAndSetChildDomain (1ms)
		EndReloadAssembly (459ms)
			LoadAssemblies (71ms)
			RebuildTransferFunctionScriptingTraits (0ms)
			SetupTypeCache (108ms)
			ReleaseScriptCaches (0ms)
			RebuildScriptCaches (29ms)
			SetupLoadedEditorAssemblies (267ms)
				LogAssemblyErrors (0ms)
				InitializePlatformSupportModulesInManaged (7ms)
				SetLoadedEditorAssemblies (0ms)
				RefreshPlugins (88ms)
				BeforeProcessingInitializeOnLoad (1ms)
				ProcessInitializeOnLoadAttributes (122ms)
				ProcessInitializeOnLoadMethodAttributes (49ms)
				AfterProcessingInitializeOnLoad (0ms)
				EditorAssembliesLoaded (0ms)
			ExecutionOrderSort2 (0ms)
			AwakeInstancesAfterBackupRestoration (0ms)
Platform modules already initialized, skipping
Registering precompiled user dll's ...
Registered in 0.011304 seconds.
Begin MonoManager ReloadAssembly
Symbol file LoadedFromMemory doesn't match image F:\GameJam2022\New folder\New folder\WashingDishesSim\DishWashSim\Library\PackageCache\com.unity.visualscripting@1.7.8\Editor\VisualScripting.Core\Dependencies\YamlDotNet\Unity.VisualScripting.YamlDotNet.dll
Symbol file LoadedFromMemory doesn't match image F:\GameJam2022\New folder\New folder\WashingDishesSim\DishWashSim\Library\PackageCache\com.unity.visualscripting@1.7.8\Editor\VisualScripting.Core\Dependencies\DotNetZip\Unity.VisualScripting.IonicZip.dll
Native extension for WindowsStandalone target not found
Refreshing native plugins compatible for Editor in 0.58 ms, found 3 plugins.
Preloading 0 native plugins for Editor in 0.00 ms.
Mono: successfully reloaded assembly
- Completed reload, in  1.079 seconds
Domain Reload Profiling:
	ReloadAssembly (1080ms)
		BeginReloadAssembly (107ms)
			ExecutionOrderSort (0ms)
			DisableScriptedObjects (6ms)
			BackupInstance (0ms)
			ReleaseScriptingObjects (0ms)
			CreateAndSetChildDomain (19ms)
		EndReloadAssembly (851ms)
			LoadAssemblies (90ms)
			RebuildTransferFunctionScriptingTraits (0ms)
			SetupTypeCache (280ms)
			ReleaseScriptCaches (1ms)
			RebuildScriptCaches (53ms)
			SetupLoadedEditorAssemblies (381ms)
				LogAssemblyErrors (0ms)
				InitializePlatformSupportModulesInManaged (5ms)
				SetLoadedEditorAssemblies (0ms)
				RefreshPlugins (1ms)
				BeforeProcessingInitializeOnLoad (105ms)
				ProcessInitializeOnLoadAttributes (236ms)
				ProcessInitializeOnLoadMethodAttributes (26ms)
				AfterProcessingInitializeOnLoad (8ms)
				EditorAssembliesLoaded (0ms)
			ExecutionOrderSort2 (0ms)
			AwakeInstancesAfterBackupRestoration (6ms)
Platform modules already initialized, skipping
========================================================================
Worker process is ready to serve import requests
Launched and connected shader compiler UnityShaderCompiler.exe after 0.06 seconds
Refreshing native plugins compatible for Editor in 0.54 ms, found 3 plugins.
Preloading 0 native plugins for Editor in 0.00 ms.
Unloading 3382 Unused Serialized files (Serialized files now loaded: 0)
Unloading 27 unused Assets / (113.5 KB). Loaded Objects now: 3839.
Memory consumption went from 116.2 MB to 116.1 MB.
Total: 3.333000 ms (FindLiveObjects: 0.271100 ms CreateObjectMapping: 0.201500 ms MarkObjects: 2.738000 ms  DeleteObjects: 0.121300 ms)

AssetImportParameters requested are different than current active one (requested -> active):
  custom:video-decoder-ogg-theora: a1e56fd34408186e4bbccfd4996cb3dc -> 
  custom:container-muxer-webm: aa71ff27fc2769a1b78a27578f13a17b -> 
  custom:container-demuxer-webm: 4f35f7cbe854078d1ac9338744f61a02 -> 
  custom:video-encoder-webm-vp8: eb34c28f22e8b96e1ab97ce403110664 -> 
  custom:audio-encoder-webm-vorbis: bf7c407c2cedff20999df2af8eb42d56 -> 
  custom:framework-win-MediaFoundation: 216162199b28c13a410421893ffa2e32 -> 
  custom:container-demuxer-ogg: 62fdf1f143b41e24485cea50d1cbac27 -> 
  custom:video-decoder-webm-vp8: 9c59270c3fd7afecdb556c50c9e8de78 -> 
  custom:audio-decoder-ogg-vorbis: bf7c407c2cedff20999df2af8eb42d56 -> 
========================================================================
Received Import Request.
  Time since last request: 2117607.466062 seconds.
  path: Assets/Imports/Left Arm/LeftArm_DefaultMaterial_Normal.png
  artifactKey: Guid(d421b856917368f40bb4e095faac9675) Importer(815301076,1909f56bfc062723c751e8b465ee728b)
Start importing Assets/Imports/Left Arm/LeftArm_DefaultMaterial_Normal.png using Guid(d421b856917368f40bb4e095faac9675) Importer(815301076,1909f56bfc062723c751e8b465ee728b)  -> (artifact id: 'ce81828b40716e6402fe9f59a183747f') in 0.118540 seconds 
========================================================================
Received Import Request.
  Time since last request: 18.022193 seconds.
  path: Assets/Imports/Left Arm/LeftArmMaterial.mat
  artifactKey: Guid(17c4ec26563b6d14d92f9faac10b0d9d) Importer(815301076,1909f56bfc062723c751e8b465ee728b)
Start importing Assets/Imports/Left Arm/LeftArmMaterial.mat using Guid(17c4ec26563b6d14d92f9faac10b0d9d) Importer(815301076,1909f56bfc062723c751e8b465ee728b)  -> (artifact id: '2db67a5205657e1971d1fb850b962b39') in 0.103198 seconds 
========================================================================
Received Import Request.
  Time since last request: 5453.753322 seconds.
  path: Assets/Imports/Left Arm/LeftArm.fbx
  artifactKey: Guid(c823d7bc16c7a6f4abca65087c450885) Importer(815301076,1909f56bfc062723c751e8b465ee728b)
Start importing Assets/Imports/Left Arm/LeftArm.fbx using Guid(c823d7bc16c7a6f4abca65087c450885) Importer(815301076,1909f56bfc062723c751e8b465ee728b)  -> (artifact id: '048d59fb967b6fcf9a2ccf4f606cbc09') in 0.089216 seconds 
========================================================================
Received Import Request.
  Time since last request: 34.025630 seconds.
  path: Assets/Imports/Left Arm/LeftArm.fbx
  artifactKey: Guid(c823d7bc16c7a6f4abca65087c450885) Importer(815301076,1909f56bfc062723c751e8b465ee728b)
Start importing Assets/Imports/Left Arm/LeftArm.fbx using Guid(c823d7bc16c7a6f4abca65087c450885) Importer(815301076,1909f56bfc062723c751e8b465ee728b)  -> (artifact id: 'efbfff19b94837c62372f4238e91f5dd') in 0.011054 seconds 
========================================================================
Received Import Request.
  Time since last request: 61.941891 seconds.
  path: Assets/Imports/Left Arm/LeftArm.fbx
  artifactKey: Guid(c823d7bc16c7a6f4abca65087c450885) Importer(815301076,1909f56bfc062723c751e8b465ee728b)
Start importing Assets/Imports/Left Arm/LeftArm.fbx using Guid(c823d7bc16c7a6f4abca65087c450885) Importer(815301076,1909f56bfc062723c751e8b465ee728b)  -> (artifact id: '1762c4ad7a4a8b707234b6f0e96fd58f') in 0.010828 seconds 
========================================================================
Received Import Request.
  Time since last request: 146.785287 seconds.
  path: Assets/Imports/Left Arm/LeftArm.fbx
  artifactKey: Guid(c823d7bc16c7a6f4abca65087c450885) Importer(815301076,1909f56bfc062723c751e8b465ee728b)
Start importing Assets/Imports/Left Arm/LeftArm.fbx using Guid(c823d7bc16c7a6f4abca65087c450885) Importer(815301076,1909f56bfc062723c751e8b465ee728b)  -> (artifact id: 'be2bf4dbe77f7bc5820da773aeb8ec19') in 0.092011 seconds 
========================================================================
Received Import Request.
  Time since last request: 69.111946 seconds.
  path: Assets/Imports/Left Arm/LeftArmMaterial.mat
  artifactKey: Guid(17c4ec26563b6d14d92f9faac10b0d9d) Importer(815301076,1909f56bfc062723c751e8b465ee728b)
Start importing Assets/Imports/Left Arm/LeftArmMaterial.mat using Guid(17c4ec26563b6d14d92f9faac10b0d9d) Importer(815301076,1909f56bfc062723c751e8b465ee728b)  -> (artifact id: '4a19a7b7267c37b2a6393d1e5039d4e3') in 0.302666 seconds 
